<?xml version="1.0" encoding="UTF-8"?>
<!-- Generated by org.testng.reporters.JUnitReportReporter -->
<testsuite hostname="LAPTOP-73S0TF9M" failures="0" tests="1" name="com.TestRunner.TestNgCucumberRunner" time="9.720" errors="0" timestamp="2024-08-03T20:34:18 IST" skipped="0">
  <testcase classname="com.TestRunner.TestNgCucumberRunner" name="runScenario" time="9.720"/>
  <system-out/>
</testsuite> <!-- com.TestRunner.TestNgCucumberRunner -->
