<?xml version="1.0" encoding="UTF-8"?>
<!-- Generated by org.testng.reporters.JUnitReportReporter -->
<testsuite hostname="LAPTOP-73S0TF9M" failures="0" tests="1" name="com.TestRunner.TestNgCucumberRunner" time="12.750" errors="0" timestamp="2024-08-22T23:36:07 IST" skipped="0">
  <testcase classname="com.TestRunner.TestNgCucumberRunner" name="runScenario" time="12.750"/>
  <system-out/>
</testsuite> <!-- com.TestRunner.TestNgCucumberRunner -->
